0 silly argv {
0 silly argv   _: [ 'version' ],
0 silly argv   private: false,
0 silly argv   lernaVersion: '3.22.1',
0 silly argv   '$0': '/usr/local/bin/lerna'
0 silly argv }
1 notice cli v3.22.1
2 verbose rootPath /Users/akrasouski/clients/ales/rn-cantons-portal
3 info current version 0.62.2014
4 silly isAnythingCommitted
5 verbose isAnythingCommitted 1
6 silly currentBranch
7 verbose currentBranch push-notification-null-bug
8 silly remoteBranchExists
9 silly isBehindUpstream
10 silly isBehindUpstream push-notification-null-bug is behind origin/push-notification-null-bug by 0 commit(s) and ahead by 5
11 silly hasTags
12 verbose hasTags false
13 info Assuming all packages changed
14 verbose updated @rn-cantons/application-form
15 verbose updated @rn-cantons/bottom-sheet
16 verbose updated @rn-cantons/category-list
17 verbose updated @rn-cantons/dynamic-layout
18 verbose updated @rn-cantons/firebase
19 verbose updated @rn-cantons/firestore-link
20 verbose updated @rn-cantons/layout
21 verbose updated @rn-cantons/livemodel
22 verbose updated @rn-cantons/modalize
23 verbose updated @rn-cantons/modals
24 verbose updated @rn-cantons/react-link
25 verbose updated @rn-cantons/react-native-utils
26 verbose updated @rn-cantons/react-utils
27 verbose updated @rn-cantons/ts-utils
28 verbose updated @rn-cantons/web-notifications-feature
29 verbose updated @rn-cantons/online-clicker-functions
30 verbose updated @rn-cantons/online-clicker-webcomponent
31 verbose updated components
32 verbose updated mobile
33 verbose updated web-cra
34 verbose updated web-nextjs
35 verbose updated remotion-template
36 verbose updated @projects/mobietu
37 verbose git-describe undefined => "e273048"
38 silly git-describe parsed => {"refCount":"32","sha":"e273048","isDirty":false}
39 info execute Skipping releases
40 silly lifecycle No script for "preversion" in "myprojectname", continuing
41 warn ECYCLE Dependency cycles detected, you should fix these!
41 warn ECYCLE @rn-cantons/layout -> @rn-cantons/react-utils -> @rn-cantons/layout
41 warn ECYCLE @rn-cantons/react-link -> @rn-cantons/react-link
42 silly lifecycle No script for "preversion" in "@rn-cantons/dynamic-layout", continuing
43 silly lifecycle No script for "preversion" in "web-nextjs", continuing
44 silly lifecycle No script for "preversion" in "remotion-template", continuing
45 silly lifecycle No script for "version" in "@rn-cantons/dynamic-layout", continuing
46 silly lifecycle No script for "preversion" in "@rn-cantons/layout", continuing
47 silly lifecycle No script for "preversion" in "@rn-cantons/react-utils", continuing
48 silly lifecycle No script for "version" in "remotion-template", continuing
49 silly lifecycle No script for "version" in "web-nextjs", continuing
50 silly lifecycle No script for "version" in "@rn-cantons/layout", continuing
51 silly lifecycle No script for "preversion" in "@rn-cantons/application-form", continuing
52 silly lifecycle No script for "preversion" in "@rn-cantons/category-list", continuing
53 silly lifecycle No script for "preversion" in "@rn-cantons/modals", continuing
54 silly lifecycle No script for "preversion" in "@rn-cantons/react-native-utils", continuing
55 silly lifecycle No script for "preversion" in "@rn-cantons/ts-utils", continuing
56 silly lifecycle No script for "version" in "@rn-cantons/react-utils", continuing
57 silly lifecycle No script for "preversion" in "@rn-cantons/online-clicker-webcomponent", continuing
58 silly lifecycle No script for "version" in "@rn-cantons/modals", continuing
59 silly lifecycle No script for "preversion" in "@rn-cantons/react-link", continuing
60 silly lifecycle No script for "version" in "@rn-cantons/application-form", continuing
61 silly lifecycle No script for "version" in "@rn-cantons/ts-utils", continuing
62 silly lifecycle No script for "version" in "@rn-cantons/react-native-utils", continuing
63 silly lifecycle No script for "version" in "@rn-cantons/category-list", continuing
64 silly lifecycle No script for "version" in "@rn-cantons/online-clicker-webcomponent", continuing
65 silly lifecycle No script for "version" in "@rn-cantons/react-link", continuing
66 silly lifecycle No script for "preversion" in "@rn-cantons/bottom-sheet", continuing
67 silly lifecycle No script for "preversion" in "@rn-cantons/firebase", continuing
68 silly lifecycle No script for "preversion" in "@rn-cantons/firestore-link", continuing
69 silly lifecycle No script for "preversion" in "@rn-cantons/livemodel", continuing
70 silly lifecycle No script for "preversion" in "@rn-cantons/modalize", continuing
71 silly lifecycle No script for "preversion" in "@rn-cantons/web-notifications-feature", continuing
72 silly lifecycle No script for "version" in "@rn-cantons/bottom-sheet", continuing
73 silly lifecycle No script for "version" in "@rn-cantons/web-notifications-feature", continuing
74 silly lifecycle No script for "version" in "@rn-cantons/livemodel", continuing
75 silly lifecycle No script for "version" in "@rn-cantons/modalize", continuing
76 silly lifecycle No script for "version" in "@rn-cantons/firestore-link", continuing
77 silly lifecycle No script for "version" in "@rn-cantons/firebase", continuing
78 silly lifecycle No script for "version" in "myprojectname", continuing
79 silly gitAdd [
79 silly gitAdd   'components/dynamic-layout/package.json',
79 silly gitAdd   'projects/bssf-logo-animation/package.json',
79 silly gitAdd   'packages/web-nextjs/package.json',
79 silly gitAdd   'components/layout/package.json',
79 silly gitAdd   'components/react-utils/package.json',
79 silly gitAdd   'components/modals/package.json',
79 silly gitAdd   'components/application-form/package.json',
79 silly gitAdd   'components/ts-utils/package.json',
79 silly gitAdd   'components/react-native-utils/package.json',
79 silly gitAdd   'components/category-list/package.json',
79 silly gitAdd   'features/online-clicker/web-component/package.json',
79 silly gitAdd   'components/react-link/package.json',
79 silly gitAdd   'components/bottom-sheet/package.json',
79 silly gitAdd   'features/web-notifications/package.json',
79 silly gitAdd   'components/livemodel/package.json',
79 silly gitAdd   'components/modalize/package.json',
79 silly gitAdd   'components/firestore-link/package.json',
79 silly gitAdd   'components/firebase/package.json',
79 silly gitAdd   'lerna.json'
79 silly gitAdd ]
80 error Error: Command failed: git add -- components/dynamic-layout/package.json projects/bssf-logo-animation/package.json packages/web-nextjs/package.json components/layout/package.json components/react-utils/package.json components/modals/package.json components/application-form/package.json components/ts-utils/package.json components/react-native-utils/package.json components/category-list/package.json features/online-clicker/web-component/package.json components/react-link/package.json components/bottom-sheet/package.json features/web-notifications/package.json components/livemodel/package.json components/modalize/package.json components/firestore-link/package.json components/firebase/package.json lerna.json
80 error The following paths are ignored by one of your .gitignore files:
80 error projects
80 error hint: Use -f if you really want to add them.
80 error hint: Turn this message off by running
80 error hint: "git config advice.addIgnoredFile false"
80 error
80 error     at makeError (/Users/akrasouski/clients/ales/rn-cantons-portal/node_modules/execa/index.js:174:9)
80 error     at /Users/akrasouski/clients/ales/rn-cantons-portal/node_modules/execa/index.js:278:16
80 error     at processTicksAndRejections (node:internal/process/task_queues:96:5)
